
 =========================================== [13-53-53] [INFO] [Banco de dados conectado] : ConexaoBanco.[13-53-53] [INFO] [Usuario: Administrador, Estabelecimento: 1234567890, Maquina: 1000 ] : ConexaoBanco.[13-53-53] [INFO] [Banco de dados conectado] : ConexaoBanco.[13-53-53] [INFO] [SQL : Insert de cpu, memoria e disco realizado] : KprunninGui.[13-53-53] [INFO] [SQL : Insert de cpu, memoria e disco realizado] : KprunninGui.[13-53-53] [INFO] [SQL : Insert de cpu, memoria e disco realizado] : KprunninGui.
 =========================================== 
            Início da aplicação              
 =========================================== 
Microsoft Windows 7 SP1 build 7601
System manufacturer
System Product Name
System Serial Number
AMD Phenom(tm) II X4 820 Processor
 
7,7 GiB
50,5 GiB
 =========================================== [13-54-54] [INFO] [Banco de dados conectado] : ConexaoBanco.[13-54-54] [INFO] [Usuario: Administrador, Estabelecimento: 1234567890, Maquina: 1000 ] : ConexaoBanco.[13-54-54] [INFO] [Banco de dados conectado] : ConexaoBanco.[13-54-54] [INFO] [SQL : Insert de cpu, memoria e disco realizado] : KprunninGui.[13-54-54] [INFO] [SQL : Insert de cpu, memoria e disco realizado] : KprunninGui.[13-54-54] [INFO] [SQL : Insert de cpu, memoria e disco realizado] : KprunninGui.[13-54-54] [INFO] [SQL : Insert de cpu, memoria e disco realizado] : KprunninGui.[13-54-54] [INFO] [SQL : Insert de cpu, memoria e disco realizado] : KprunninGui.
 =========================================== 
            Início da aplicação              
 =========================================== 
Microsoft Windows 7 SP1 build 7601
System manufacturer
System Product Name
System Serial Number
AMD Phenom(tm) II X4 820 Processor
 
7,7 GiB
50,5 GiB
 =========================================== [13-57-57] [INFO] [Banco de dados conectado] : ConexaoBanco.[13-57-57] [INFO] [Usuario: Administrador, Estabelecimento: 1234567890, Maquina: 1000 ] : ConexaoBanco.[13-57-57] [INFO] [Banco de dados conectado] : ConexaoBanco.
 =========================================== 
            Início da aplicação              
 =========================================== 
Microsoft Windows 7 SP1 build 7601
System manufacturer
System Product Name
System Serial Number
AMD Phenom(tm) II X4 820 Processor
 
7,7 GiB
50,5 GiB
 =========================================== 
[14-04-04] [INFO] [ConexaoBanco] : Banco de dados conectado.
[14-04-04] [INFO] [ConexaoBanco] : Usuario: Administrador, Estabelecimento: 1234567890, Maquina: 1000 .
[14-04-04] [INFO] [ConexaoBanco] : Banco de dados conectado.
[14-04-04] [INFO] [KprunninGui] : SQL : Insert de cpu, memoria e disco realizado.
[14-04-04] [INFO] [KprunninGui] : SQL : Insert de cpu, memoria e disco realizado.
 =========================================== 
            Início da aplicação              
 =========================================== 
Microsoft Windows 7 SP1 build 7601
System manufacturer
System Product Name
System Serial Number
AMD Phenom(tm) II X4 820 Processor
 
7,7 GiB de RAM
238GB
 =========================================== 
[14-12-12] [INFO] [ConexaoBanco] : Banco de dados conectado.
[14-12-12] [INFO] [ConexaoBanco] : Usuario: Administrador, Estabelecimento: 1234567890, Maquina: 1000 .
[14-12-12] [INFO] [ConexaoBanco] : Banco de dados conectado.
[14-12-12] [INFO] [KprunninGui] : SQL : Insert de cpu, memoria e disco realizado.
[14-12-12] [INFO] [KprunninGui] : SQL : Insert de cpu, memoria e disco realizado.
[14-12-12] [INFO] [KprunninGui] : SQL : Insert de cpu, memoria e disco realizado.
[14-12-12] [INFO] [KprunninGui] : SQL : Insert de cpu, memoria e disco realizado.
[14-12-12] [INFO] [KprunninGui] : SQL : Insert de cpu, memoria e disco realizado.
[14-12-12] [INFO] [KprunninGui] : SQL : Insert de cpu, memoria e disco realizado.
[14-12-12] [INFO] [KprunninGui] : SQL : Insert de cpu, memoria e disco realizado.
[14-12-12] [INFO] [KprunninGui] : SQL : Insert de cpu, memoria e disco realizado.
[14-12-12] [INFO] [KprunninGui] : SQL : Insert de cpu, memoria e disco realizado.
[14-12-12] [INFO] [KprunninGui] : SQL : Insert de cpu, memoria e disco realizado.
[14-12-12] [INFO] [KprunninGui] : SQL : Insert de cpu, memoria e disco realizado.
 =========================================== 
            Início da aplicação              
 =========================================== 
Microsoft Windows 7 SP1 build 7601
System manufacturer
System Product Name
System Serial Number
AMD Phenom(tm) II X4 820 Processor
 
7,7 GiB de RAM
238GB
 =========================================== 
[14-28-28] [INFO] [ConexaoBanco] : Teste de conexão com banco de dados feito.
[14-28-28] [INFO] [ConexaoBanco] : Usuario: Administrador, Estabelecimento: 1234567890, Maquina: 1000 .
[14-28-28] [INFO] [ConexaoBanco] : Banco de dados conectado.
[14-28-28] [INFO] [KprunninGui] : SQL : Insert de cpu, memoria e disco realizado.
[14-28-28] [INFO] [KprunninGui] : SQL : Insert de cpu, memoria e disco realizado.
 =========================================== 
            Início da aplicação              
 =========================================== 
Microsoft Windows 7 SP1 build 7601
System manufacturer
System Product Name
System Serial Number
AMD Phenom(tm) II X4 820 Processor
 
7,7 GiB de RAM
238GB de armazenamento
 =========================================== 
[14:32:32] [INFO] [ConexaoBanco] : Teste de conexão com banco de dados feito.
[14:32:32] [INFO] [ConexaoBanco] : Usuario: Administrador, Estabelecimento: 1234567890, Maquina: 1000 .
[14:32:32] [INFO] [ConexaoBanco] : Banco de dados conectado.
 =========================================== 
            Início da aplicação              
 =========================================== 
Microsoft Windows 7 SP1 build 7601
System manufacturer
System Product Name
System Serial Number
AMD Phenom(tm) II X4 820 Processor
 
7,7 GiB de RAM
238GB de armazenamento
 =========================================== 
[14:33:33] [INFO] [ConexaoBanco] : Teste de conexão com banco de dados feito.
[14:33:33] [INFO] [ConexaoBanco] : Usuario: Administrador, Estabelecimento: 1234567890, Maquina: 1000 .
[14:33:33] [INFO] [ConexaoBanco] : Banco de dados conectado.
 =========================================== 
            Início da aplicação              
 =========================================== 
Microsoft Windows 7 SP1 build 7601
System manufacturer
System Product Name
System Serial Number
AMD Phenom(tm) II X4 820 Processor
 
7,7 GiB de RAM
238GB de armazenamento
 =========================================== 
[14:35:35] [INFO] [ConexaoBanco] : Teste de conexão com banco de dados feito.
[14:35:35] [INFO] [ConexaoBanco] : Usuario: Administrador, Estabelecimento: 1234567890, Maquina: 1000 .
[14:35:35] [INFO] [ConexaoBanco] : Banco de dados conectado.
[14:36:36] [INFO] [KprunninGui] : SQL : Insert de cpu, memoria e disco realizado.
[14:36:36] [INFO] [KprunninGui] : SQL : Insert de cpu, memoria e disco realizado.
[14:36:36] [INFO] [KprunninGui] : SQL : Insert de cpu, memoria e disco realizado.
[14:36:36] [INFO] [KprunninGui] : SQL : Insert de cpu, memoria e disco realizado.
 =========================================== 
            Início da aplicação              
 =========================================== 
Microsoft Windows 7 SP1 build 7601
System manufacturer
System Product Name
System Serial Number
AMD Phenom(tm) II X4 820 Processor
 
7,7 GiB de RAM
238GB de armazenamento
 =========================================== 
[14:38:38] [INFO] [ConexaoBanco] : Teste de conexão com banco de dados feito.
[14:38:38] [INFO] [ConexaoBanco] : Usuario: Administrador, Estabelecimento: 1234567890, Maquina: 1000 .
[14:38:38] [INFO] [ConexaoBanco] : Banco de dados conectado.
[14:38:38] [INFO] [KprunninGui] : SQL : Insert de cpu, memoria e disco realizado.
[14:38:38] [INFO] [KprunninGui] : SQL : Insert de cpu, memoria e disco realizado.
[14:38:38] [INFO] [KprunninGui] : SQL : Insert de cpu, memoria e disco realizado.
 =========================================== 
            Início da aplicação              
 =========================================== 
Microsoft Windows 7 SP1 build 7601
System manufacturer
System Product Name
System Serial Number
AMD Phenom(tm) II X4 820 Processor
 
7,7 GiB de RAM
238GB de armazenamento
 =========================================== 
[14:41:41] [INFO] [ConexaoBanco] : Teste de conexão com banco de dados feito.
[14:41:41] [INFO] [ConexaoBanco] : Usuario: Administrador, Estabelecimento: 1234567890, Maquina: 1000 .
[14:41:41] [INFO] [ConexaoBanco] : Banco de dados conectado.
[14:41:41] [INFO] [KprunninGui] : SQL : Insert de cpu, memoria e disco realizado.
 =========================================== 
            Início da aplicação              
 =========================================== 
Microsoft Windows 7 SP1 build 7601
System manufacturer
System Product Name
System Serial Number
AMD Phenom(tm) II X4 820 Processor
 
7,7 GiB de RAM
238GB de armazenamento
 =========================================== 
[14:56:13x] [INFO] [ConexaoBanco] : Teste de conexão com banco de dados feito.
[14:56:13x] [INFO] [ConexaoBanco] : Usuario: Administrador, Estabelecimento: 1234567890, Maquina: 1000 .
[14:56:13x] [INFO] [ConexaoBanco] : Banco de dados conectado.
[14:56:19x] [INFO] [KprunninGui] : SQL : Insert de cpu, memoria e disco realizado.
[14:56:22x] [INFO] [KprunninGui] : SQL : Insert de cpu, memoria e disco realizado.
[14:56:25x] [INFO] [KprunninGui] : SQL : Insert de cpu, memoria e disco realizado.
 =========================================== 
            Início da aplicação              
 =========================================== 
Microsoft Windows 7 SP1 build 7601
System manufacturer
System Product Name
System Serial Number
AMD Phenom(tm) II X4 820 Processor
 
7,7 GiB de RAM
238GB de armazenamento
 =========================================== 
[14:57:54] [INFO] [ConexaoBanco] : Teste de conexão com banco de dados feito.
[14:57:54] [INFO] [ConexaoBanco] : Usuario: Administrador, Estabelecimento: 1234567890, Maquina: 1000 .
[14:57:54] [INFO] [ConexaoBanco] : Banco de dados conectado.
[14:58:00] [INFO] [KprunninGui] : SQL : Insert de cpu, memoria e disco realizado.
 =========================================== 
        Início da aplicação - 10-06-2020 15:00:15 
 =========================================== 
Microsoft Windows 7 SP1 build 7601
System manufacturer
System Product Name
System Serial Number
AMD Phenom(tm) II X4 820 Processor
 
7,7 GiB de RAM
238GB de armazenamento
 =========================================== 
[15:00:18] [INFO] [ConexaoBanco] : Teste de conexão com banco de dados feito.
[15:00:18] [INFO] [ConexaoBanco] : Usuario: Administrador, Estabelecimento: 1234567890, Maquina: 1000 .
[15:00:18] [INFO] [ConexaoBanco] : Banco de dados conectado.
[15:00:24] [INFO] [KprunninGui] : SQL : Insert de cpu, memoria e disco realizado.
[15:00:27] [INFO] [KprunninGui] : SQL : Insert de cpu, memoria e disco realizado.
[15:00:30] [INFO] [KprunninGui] : SQL : Insert de cpu, memoria e disco realizado.
[15:00:34] [INFO] [KprunninGui] : SQL : Insert de cpu, memoria e disco realizado.
[15:00:37] [INFO] [KprunninGui] : SQL : Insert de cpu, memoria e disco realizado.
[15:00:40] [INFO] [KprunninGui] : SQL : Insert de cpu, memoria e disco realizado.
[15:00:44] [INFO] [KprunninGui] : SQL : Insert de cpu, memoria e disco realizado.
[15:00:47] [INFO] [KprunninGui] : SQL : Insert de cpu, memoria e disco realizado.
 =========================================== 
        Início da aplicação - 10-06-2020 15:02:47 
 =========================================== 
Microsoft Windows 7 SP1 build 7601
System manufacturer
System Product Name
System Serial Number
AMD Phenom(tm) II X4 820 Processor
 
7,7 GiB de RAM
238GB de armazenamento
 =========================================== 
[15:02:50] [INFO] [ConexaoBanco] : Teste de conexão com banco de dados feito.
[15:02:50] [INFO] [ConexaoBanco] : Usuario: Administrador, Estabelecimento: 1234567890, Maquina: 1000 .
[15:02:50] [INFO] [ConexaoBanco] : Banco de dados conectado.
[15:02:56] [INFO] [KprunninGui] : SQL : Insert de cpu, memoria e disco realizado.
[15:02:59] [INFO] [KprunninGui] : SQL : Insert de cpu, memoria e disco realizado.
 =========================================== 
        Início da aplicação - 10-06-2020 15:32:44 
 =========================================== 
Microsoft Windows 7 SP1 build 7601
System manufacturer
System Product Name
System Serial Number
AMD Phenom(tm) II X4 820 Processor
 
7,7 GiB de RAM
238GB de armazenamento
 =========================================== 
[15:32:47] [INFO] [ConexaoBanco] : Teste de conexão com banco de dados feito.
[15:32:47] [INFO] [ConexaoBanco] : Usuario: Administrador, Estabelecimento: 1234567890, Maquina: 1000 .
[15:32:47] [INFO] [ConexaoBanco] : Banco de dados conectado. Informações da conexão :.
jdbc:sqlserver://svrkprunnin.database.windows.net:1433; 
 database=bdkprunnin; 
 user=localprimeloitters@svrkprunnin; 
 password=#Gfgrupo6b; 
 encrypt=true; 
 trustServerCertificate=false; 
 loginTimeout=30; 
 
 =========================================== 
        Início da aplicação - 10-06-2020 15:42:22 
 =========================================== 
Microsoft Windows 7 SP1 build 7601
System manufacturer
System Product Name
System Serial Number
AMD Phenom(tm) II X4 820 Processor
 
7,7 GiB de RAM
238GB de armazenamento
 =========================================== 
 =========================================== 
        Início da aplicação - 10-06-2020 15:43:35 
 =========================================== 
Microsoft Windows 7 SP1 build 7601
System manufacturer
System Product Name
System Serial Number
AMD Phenom(tm) II X4 820 Processor
 
7,7 GiB de RAM
238GB de armazenamento
 =========================================== 
 =========================================== 
        Início da aplicação - 10-06-2020 15:44:36 
 =========================================== 
Microsoft Windows 7 SP1 build 7601
System manufacturer
System Product Name
System Serial Number
AMD Phenom(tm) II X4 820 Processor
 
7,7 GiB de RAM
238GB de armazenamento
 =========================================== 
 =========================================== 
        Início da aplicação - 10-06-2020 15:45:49 
 =========================================== 
Microsoft Windows 7 SP1 build 7601
System manufacturer
System Product Name
System Serial Number
AMD Phenom(tm) II X4 820 Processor
 
7,7 GiB de RAM
238GB de armazenamento
 =========================================== 
 =========================================== 
        Início da aplicação - 10-06-2020 15:47:42 
 =========================================== 
Microsoft Windows 7 SP1 build 7601
System manufacturer
System Product Name
System Serial Number
AMD Phenom(tm) II X4 820 Processor
 
7,7 GiB de RAM
238GB de armazenamento
 =========================================== 
[15:47:46] [INFO] [ConexaoBanco] : Teste de conexão com banco de dados feito.
[15:47:46] [INFO] [ConexaoBanco] : Usuario: Administrador, Estabelecimento: 1234567890, Maquina: 1000 .
[15:47:46] [INFO] [ConexaoBanco] : Banco de dados conectado. Informações da conexão :.
jdbc:sqlserver://svrkprunnin.database.windows.net:1433;
database=bdkprunnin;
user=localprimeloitters@svrkprunnin;
password=#Gfgrupo6b;
encrypt=true;
trustServerCertificate=false;
loginTimeout=30;
 =========================================== 
        Início da aplicação - 10-06-2020 16:03:58 
 =========================================== 
Microsoft Windows 7 SP1 build 7601
System manufacturer
System Product Name
System Serial Number
AMD Phenom(tm) II X4 820 Processor
 
7,7 GiB de RAM
238GB de armazenamento
 =========================================== 
[16:04:01] [INFO] [ConexaoBanco] : Teste de conexão com banco de dados feito.
[16:04:01] [INFO] [ConexaoBanco] : Usuario: Administrador, Estabelecimento: 1234567890, Maquina: 1000 .
[16:04:01] [INFO] [ConexaoBanco] : Banco de dados conectado. Informações da conexão :.
jdbc:sqlserver://svrkprunnin.database.windows.net:1433;
database=bdkprunnin;
user=localprimeloitters@svrkprunnin;
password=#Gfgrupo6b;
encrypt=true;
trustServerCertificate=false;
loginTimeout=30;
 =========================================== 
        Início da aplicação - 10-06-2020 16:09:08 
 =========================================== 
Microsoft Windows 7 SP1 build 7601
System manufacturer
System Product Name
System Serial Number
AMD Phenom(tm) II X4 820 Processor
 
7,7 GiB de RAM
238GB de armazenamento
 =========================================== 
[16:09:10] [INFO] [ConexaoBanco] : Teste de conexão com banco de dados feito.
[16:09:10] [INFO] [ConexaoBanco] : Usuario: Administrador, Estabelecimento: 1234567890, Maquina: 1000 .
[16:09:10] [INFO] [ConexaoBanco] : Banco de dados conectado. Informações da conexão :.
jdbc:sqlserver://svrkprunnin.database.windows.net:1433;
database=bdkprunnin;
user=localprimeloitters@svrkprunnin;
password=#Gfgrupo6b;
encrypt=true;
trustServerCertificate=false;
loginTimeout=30;
 =========================================== 
        Início da aplicação - 10-06-2020 16:11:57 
 =========================================== 
Microsoft Windows 7 SP1 build 7601
System manufacturer
System Product Name
System Serial Number
AMD Phenom(tm) II X4 820 Processor
 
7,7 GiB de RAM
238GB de armazenamento
 =========================================== 
[16:12:00] [INFO] [ConexaoBanco] : Teste de conexão com banco de dados feito.
[16:12:00] [INFO] [ConexaoBanco] : Usuario: Administrador, Estabelecimento: 1234567890, Maquina: 1000 .
[16:12:00] [INFO] [ConexaoBanco] : Banco de dados conectado. Informações da conexão :.
jdbc:sqlserver://svrkprunnin.database.windows.net:1433;
database=bdkprunnin;
user=localprimeloitters@svrkprunnin;
password=#Gfgrupo6b;
encrypt=true;
trustServerCertificate=false;
loginTimeout=30;
[16:13:21] [erro] [Alerta] : Som de erro não encontrado.
[16:13:21] [ALRT] [Alerta] : Uso de cpu maior que 90% por mais de 20 segundos.
 =========================================== 
        Início da aplicação - 10-06-2020 16:18:56 
 =========================================== 
Microsoft Windows 7 SP1 build 7601
System manufacturer
System Product Name
System Serial Number
AMD Phenom(tm) II X4 820 Processor
 
7,7 GiB de RAM
238GB de armazenamento
 =========================================== 
[16:18:59] [INFO] [ConexaoBanco] : Teste de conexão com banco de dados feito.
[16:18:59] [INFO] [ConexaoBanco] : Usuario: Administrador, Estabelecimento: 1234567890, Maquina: 1000 .
[16:18:59] [INFO] [ConexaoBanco] : Banco de dados conectado. Informações da conexão :.
jdbc:sqlserver://svrkprunnin.database.windows.net:1433;
database=bdkprunnin;
user=localprimeloitters@svrkprunnin;
password=#Gfgrupo6b;
encrypt=true;
trustServerCertificate=false;
loginTimeout=30;
[16:19:20] [ALRT] [Alerta] : Uso de memória maior que 90% por mais de 10 segundos.
[16:19:30] [ALRT] [Alerta] : Uso de cpu maior que 90% por mais de 20 segundos.
[16:19:36] [ALRT] [Alerta] : Uso de memória maior que 90% por mais de 10 segundos.