
[00:16:10] [INFO] [ConexaoBanco] : Teste de conexão com banco de dados feito.
 =========================================== 
        Início da aplicação - 18-06-2020 00:16:14 
 =========================================== 
Microsoft Windows 10 (Home) build 18363
SAMSUNG ELECTRONICS CO., LTD.
550XBE/350XBE
09359QBMB00385
Intel(R) Core(TM) i5-8265U CPU @ 1.60GHz
 
7,9 GiB de RAM
931GB de armazenamento
 =========================================== 
[00:16:15] [INFO] [ConexaoBanco] : Teste de conexão com banco de dados feito.
[00:18:08] [ERRO] [ConexaoBanco] : SQLException : Arquivo de configuração incompleto ou inexistente.
[00:18:19] [INFO] [Login] : Login preenchido com sucesso.
[00:18:20] [INFO] [ConexaoBanco] : Iniciando configuracao da aplicação.
[00:18:20] [INFO] [ConexaoBanco] : Registro efetuado.
 =========================================== 
        Início da aplicação - 18-06-2020 00:18:20 
 =========================================== 
Microsoft Windows 10 (Home) build 18363
SAMSUNG ELECTRONICS CO., LTD.
550XBE/350XBE
09359QBMB00385
Intel(R) Core(TM) i5-8265U CPU @ 1.60GHz
 
7,9 GiB de RAM
931GB de armazenamento
 =========================================== 
[00:18:22] [INFO] [ConexaoBanco] : Teste de conexão com banco de dados feito.
[00:19:48] [INFO] [ConexaoBanco] : Teste de conexão com banco de dados feito.
 =========================================== 
        Início da aplicação - 18-06-2020 00:19:48 
 =========================================== 
Microsoft Windows 10 (Home) build 18363
SAMSUNG ELECTRONICS CO., LTD.
550XBE/350XBE
09359QBMB00385
Intel(R) Core(TM) i5-8265U CPU @ 1.60GHz
 
7,9 GiB de RAM
931GB de armazenamento
 =========================================== 
[00:19:50] [INFO] [ConexaoBanco] : Teste de conexão com banco de dados feito.
[00:20:52] [INFO] [ConexaoBanco] : Teste de conexão com banco de dados feito.
 =========================================== 
        Início da aplicação - 18-06-2020 00:20:53 
 =========================================== 
Microsoft Windows 10 (Home) build 18363
SAMSUNG ELECTRONICS CO., LTD.
550XBE/350XBE
09359QBMB00385
Intel(R) Core(TM) i5-8265U CPU @ 1.60GHz
 
7,9 GiB de RAM
931GB de armazenamento
 =========================================== 
[00:20:55] [INFO] [ConexaoBanco] : Teste de conexão com banco de dados feito.
[00:24:02] [INFO] [ConexaoBanco] : Teste de conexão com banco de dados feito.
 =========================================== 
        Início da aplicação - 18-06-2020 00:24:03 
 =========================================== 
Microsoft Windows 10 (Home) build 18363
SAMSUNG ELECTRONICS CO., LTD.
550XBE/350XBE
09359QBMB00385
Intel(R) Core(TM) i5-8265U CPU @ 1.60GHz
 
7,9 GiB de RAM
931GB de armazenamento
 =========================================== 
[00:24:05] [INFO] [ConexaoBanco] : Teste de conexão com banco de dados feito.
[00:45:49] [INFO] [ConexaoBanco] : Teste de conexão com banco de dados feito.
 =========================================== 
        Início da aplicação - 18-06-2020 00:45:50 
 =========================================== 
Microsoft Windows 10 (Home) build 18363
SAMSUNG ELECTRONICS CO., LTD.
550XBE/350XBE
09359QBMB00385
Intel(R) Core(TM) i5-8265U CPU @ 1.60GHz
 
7,9 GiB de RAM
931GB de armazenamento
 =========================================== 
[00:45:52] [INFO] [ConexaoBanco] : Teste de conexão com banco de dados feito.
[00:46:22] [INFO] [ConexaoBanco] : Teste de conexão com banco de dados feito.
 =========================================== 
        Início da aplicação - 18-06-2020 00:46:22 
 =========================================== 
Microsoft Windows 10 (Home) build 18363
SAMSUNG ELECTRONICS CO., LTD.
550XBE/350XBE
09359QBMB00385
Intel(R) Core(TM) i5-8265U CPU @ 1.60GHz
 
7,9 GiB de RAM
931GB de armazenamento
 =========================================== 
[00:46:24] [INFO] [ConexaoBanco] : Teste de conexão com banco de dados feito.
[00:50:32] [INFO] [ConexaoBanco] : Teste de conexão com banco de dados feito.
 =========================================== 
        Início da aplicação - 18-06-2020 00:50:33 
 =========================================== 
Microsoft Windows 10 (Home) build 18363
SAMSUNG ELECTRONICS CO., LTD.
550XBE/350XBE
09359QBMB00385
Intel(R) Core(TM) i5-8265U CPU @ 1.60GHz
 
7,9 GiB de RAM
931GB de armazenamento
 =========================================== 
[00:50:34] [INFO] [ConexaoBanco] : Teste de conexão com banco de dados feito.
[00:51:36] [INFO] [ConexaoBanco] : Teste de conexão com banco de dados feito.
 =========================================== 
        Início da aplicação - 18-06-2020 00:51:37 
 =========================================== 
Microsoft Windows 10 (Home) build 18363
SAMSUNG ELECTRONICS CO., LTD.
550XBE/350XBE
09359QBMB00385
Intel(R) Core(TM) i5-8265U CPU @ 1.60GHz
 
7,9 GiB de RAM
931GB de armazenamento
 =========================================== 
[00:51:39] [INFO] [ConexaoBanco] : Teste de conexão com banco de dados feito.
[00:52:57] [INFO] [ConexaoBanco] : Teste de conexão com banco de dados feito.
 =========================================== 
        Início da aplicação - 18-06-2020 00:52:58 
 =========================================== 
Microsoft Windows 10 (Home) build 18363
SAMSUNG ELECTRONICS CO., LTD.
550XBE/350XBE
09359QBMB00385
Intel(R) Core(TM) i5-8265U CPU @ 1.60GHz
 
7,9 GiB de RAM
931GB de armazenamento
 =========================================== 
[00:52:59] [INFO] [ConexaoBanco] : Teste de conexão com banco de dados feito.
[00:53:33] [INFO] [ConexaoBanco] : Teste de conexão com banco de dados feito.
 =========================================== 
        Início da aplicação - 18-06-2020 00:53:34 
 =========================================== 
Microsoft Windows 10 (Home) build 18363
SAMSUNG ELECTRONICS CO., LTD.
550XBE/350XBE
09359QBMB00385
Intel(R) Core(TM) i5-8265U CPU @ 1.60GHz
 
7,9 GiB de RAM
931GB de armazenamento
 =========================================== 
[00:53:36] [INFO] [ConexaoBanco] : Teste de conexão com banco de dados feito.
[00:54:24] [INFO] [ConexaoBanco] : Teste de conexão com banco de dados feito.
 =========================================== 
        Início da aplicação - 18-06-2020 00:54:25 
 =========================================== 
Microsoft Windows 10 (Home) build 18363
SAMSUNG ELECTRONICS CO., LTD.
550XBE/350XBE
09359QBMB00385
Intel(R) Core(TM) i5-8265U CPU @ 1.60GHz
 
7,9 GiB de RAM
931GB de armazenamento
 =========================================== 
[00:54:26] [INFO] [ConexaoBanco] : Teste de conexão com banco de dados feito.
[00:54:26] [INFO] [ConexaoBanco] : Usuario: Administrador, Estabelecimento: 1234567890, Maquina: 1000 .
[00:54:26] [INFO] [ConexaoBanco] : Banco de dados conectado. Informações da conexão :.
jdbc:sqlserver://svrkprunnin.database.windows.net:1433;
database=bdkprunnin;
user=localprimeloitters@svrkprunnin;
password=***;
encrypt=true;
trustServerCertificate=false;
loginTimeout=30;
 =========================================== 
        Início da aplicação - 18-06-2020 01:19:59 
 =========================================== 
Microsoft Windows 10 (Home) build 18363
System manufacturer
System Product Name
System Serial Number
AMD FX(tm)-6300 Six-Core Processor             
 
7,7 GiB de RAM
0GB de armazenamento
 =========================================== 
[01:20:01] [INFO] [ConexaoBanco] : Teste de conexão com banco de dados feito.
[01:20:01] [INFO] [ConexaoBanco] : Usuario: Administrador, Estabelecimento: 1234567890, Maquina: 1000 .
[01:20:01] [INFO] [ConexaoBanco] : Banco de dados conectado. Informações da conexão :.
jdbc:sqlserver://svrkprunnin.database.windows.net:1433;
database=bdkprunnin;
user=localprimeloitters@svrkprunnin;
password=***;
encrypt=true;
trustServerCertificate=false;
loginTimeout=30;
[01:26:07] [ALRT] [Alerta] : Uso de memória maior que 90% por mais de 10 segundos.
[01:26:17] [ALRT] [Alerta] : Uso de cpu maior que 90% por mais de 20 segundos.
[01:26:20] [ALRT] [Alerta] : Uso de memória maior que 90% por mais de 10 segundos.
[01:26:34] [ALRT] [Alerta] : Uso de memória maior que 90% por mais de 10 segundos.
[01:26:40] [ALRT] [Alerta] : Uso de cpu maior que 90% por mais de 20 segundos.
[01:26:47] [ALRT] [Alerta] : Uso de memória maior que 90% por mais de 10 segundos.
[01:27:04] [ALRT] [Alerta] : Uso de memória maior que 90% por mais de 10 segundos.
[01:27:07] [ALRT] [Alerta] : Uso de cpu maior que 90% por mais de 20 segundos.
[01:27:17] [ALRT] [Alerta] : Uso de memória maior que 90% por mais de 10 segundos.
[01:27:30] [ALRT] [Alerta] : Uso de cpu maior que 90% por mais de 20 segundos.
[01:27:34] [ALRT] [Alerta] : Uso de memória maior que 90% por mais de 10 segundos.
[01:27:47] [ALRT] [Alerta] : Uso de memória maior que 90% por mais de 10 segundos.
 =========================================== 
        Início da aplicação - 18-06-2020 01:37:26 
 =========================================== 
Microsoft Windows 10 (Home) build 18363
System manufacturer
System Product Name
System Serial Number
AMD FX(tm)-6300 Six-Core Processor             
 
7,7 GiB de RAM
0GB de armazenamento
 =========================================== 
[01:37:28] [INFO] [ConexaoBanco] : Teste de conexão com banco de dados feito.
[01:37:29] [INFO] [ConexaoBanco] : Usuario: Administrador, Estabelecimento: 1234567890, Maquina: 1000 .
[01:37:29] [INFO] [ConexaoBanco] : Banco de dados conectado. Informações da conexão :.
jdbc:sqlserver://svrkprunnin.database.windows.net:1433;
database=bdkprunnin;
user=localprimeloitters@svrkprunnin;
password=***;
encrypt=true;
trustServerCertificate=false;
loginTimeout=30;
[01:37:46] [ALRT] [Alerta] : Uso de memória maior que 90% por mais de 10 segundos.
[01:38:00] [ALRT] [Alerta] : Uso de cpu maior que 90% por mais de 20 segundos.
[01:38:03] [ALRT] [Alerta] : Uso de memória maior que 90% por mais de 10 segundos.
 =========================================== 
        Início da aplicação - 18-06-2020 01:43:31 
 =========================================== 
Microsoft Windows 10 (Home) build 18363
System manufacturer
System Product Name
System Serial Number
AMD FX(tm)-6300 Six-Core Processor             
 
7,7 GiB de RAM
0GB de armazenamento
 =========================================== 
[01:43:33] [INFO] [ConexaoBanco] : Teste de conexão com banco de dados feito.
[01:43:33] [INFO] [ConexaoBanco] : Usuario: Administrador, Estabelecimento: 1234567890, Maquina: 1000 .
[01:43:33] [INFO] [ConexaoBanco] : Banco de dados conectado. Informações da conexão :.
jdbc:sqlserver://svrkprunnin.database.windows.net:1433;
database=bdkprunnin;
user=localprimeloitters@svrkprunnin;
password=***;
encrypt=true;
trustServerCertificate=false;
loginTimeout=30;
[01:43:51] [ALRT] [Alerta] : Uso de memória maior que 90% por mais de 10 segundos.
[01:43:54] [ALRT] [Alerta] : Uso de memória maior!!!!.